<?xml version="1.0" encoding="UTF-8"?>
<!-- Generated by org.testng.reporters.JUnitReportReporter -->
<testsuite skipped="0" hostname="admin-PC" name="supportedAttributes.TestClass" tests="2" failures="0" timestamp="2020-11-01T22:53:44 IST" time="0.018" errors="0">
  <testcase name="firstTest" time="0.015" classname="supportedAttributes.TestClass"/>
  <system-out/>
  <testcase name="secondTest" time="0.003" classname="supportedAttributes.TestClass"/>
  <system-out/>
</testsuite> <!-- supportedAttributes.TestClass -->
